[debug] [2021-01-02T20:28:22.730Z] ----------------------------------------------------------------------
[debug] [2021-01-02T20:28:22.732Z] Command:       /usr/local/bin/node /usr/local/bin/firebase serve
[debug] [2021-01-02T20:28:22.732Z] CLI Version:   9.1.0
[debug] [2021-01-02T20:28:22.732Z] Platform:      darwin
[debug] [2021-01-02T20:28:22.732Z] Node Version:  v14.15.0
[debug] [2021-01-02T20:28:22.733Z] Time:          Sun Jan 03 2021 04:28:22 GMT+0800 (Singapore Standard Time)
[debug] [2021-01-02T20:28:22.734Z] ----------------------------------------------------------------------
[debug] [2021-01-02T20:28:22.734Z] 
[debug] [2021-01-02T20:28:22.738Z] > command requires scopes: ["email","openid","https://www.googleapis.com/auth/cloudplatformprojects.readonly","https://www.googleapis.com/auth/firebase","https://www.googleapis.com/auth/cloud-platform"]
[debug] [2021-01-02T20:28:22.739Z] > authorizing via signed-in user
[debug] [2021-01-02T20:28:22.739Z] [iam] checking project todoapp-7596e for permissions ["firebase.projects.get"]
[debug] [2021-01-02T20:28:22.741Z] > refreshing access token with scopes: ["email","https://www.googleapis.com/auth/cloud-platform","https://www.googleapis.com/auth/cloudplatformprojects.readonly","https://www.googleapis.com/auth/firebase","openid"]
[debug] [2021-01-02T20:28:22.741Z] >>> HTTP REQUEST POST https://www.googleapis.com/oauth2/v3/token  
 <request body omitted>
[debug] [2021-01-02T20:28:22.837Z] <<< HTTP RESPONSE 200 {"pragma":"no-cache","date":"Sat, 02 Jan 2021 20:28:22 GMT","expires":"Mon, 01 Jan 1990 00:00:00 GMT","cache-control":"no-cache, no-store, max-age=0, must-revalidate","content-type":"application/json; charset=utf-8","vary":"X-Origin, Referer, Origin,Accept-Encoding","server":"scaffolding on HTTPServer2","x-xss-protection":"0","x-frame-options":"SAMEORIGIN","x-content-type-options":"nosniff","alt-svc":"h3-29=\":443\"; ma=2592000,h3-T051=\":443\"; ma=2592000,h3-Q050=\":443\"; ma=2592000,h3-Q046=\":443\"; ma=2592000,h3-Q043=\":443\"; ma=2592000,quic=\":443\"; ma=2592000; v=\"46,43\"","accept-ranges":"none","transfer-encoding":"chunked"}
[debug] [2021-01-02T20:28:22.872Z] >>> HTTP REQUEST POST https://cloudresourcemanager.googleapis.com/v1/projects/todoapp-7596e:testIamPermissions  
 {"permissions":["firebase.projects.get"]}
[debug] [2021-01-02T20:28:23.903Z] <<< HTTP RESPONSE 200 {"content-type":"application/json; charset=UTF-8","vary":"X-Origin, Referer, Origin,Accept-Encoding","date":"Sat, 02 Jan 2021 20:28:23 GMT","server":"ESF","cache-control":"private","x-xss-protection":"0","x-frame-options":"SAMEORIGIN","x-content-type-options":"nosniff","server-timing":"gfet4t7; dur=982","alt-svc":"h3-29=\":443\"; ma=2592000,h3-T051=\":443\"; ma=2592000,h3-Q050=\":443\"; ma=2592000,h3-Q046=\":443\"; ma=2592000,h3-Q043=\":443\"; ma=2592000,quic=\":443\"; ma=2592000; v=\"46,43\"","accept-ranges":"none","transfer-encoding":"chunked"}
[debug] [2021-01-02T20:28:23.904Z] >>> HTTP REQUEST GET https://firebase.googleapis.com/v1beta1/projects/todoapp-7596e  
 
[debug] [2021-01-02T20:28:24.239Z] <<< HTTP RESPONSE 200 {"content-type":"application/json; charset=UTF-8","vary":"X-Origin, Referer, Origin,Accept-Encoding","date":"Sat, 02 Jan 2021 20:28:24 GMT","server":"ESF","cache-control":"private","x-xss-protection":"0","x-frame-options":"SAMEORIGIN","x-content-type-options":"nosniff","alt-svc":"h3-29=\":443\"; ma=2592000,h3-T051=\":443\"; ma=2592000,h3-Q050=\":443\"; ma=2592000,h3-Q046=\":443\"; ma=2592000,h3-Q043=\":443\"; ma=2592000,quic=\":443\"; ma=2592000; v=\"46,43\"","accept-ranges":"none","transfer-encoding":"chunked"}
[info] 
[info] === Serving from '/Users/zhangyu/FS104/hackaton/tasks'...
[info] 
[warn] ⚠  Your requested "node" version "12" doesn't match your global version "14" {"metadata":{"emulator":{"name":"functions"},"message":"Your requested \"node\" version \"12\" doesn't match your global version \"14\""}}
[debug] [2021-01-02T20:28:24.251Z] defaultcredentials: writing to file /Users/zhangyu/.config/firebase/zhangyu_goh_gmail.com_application_default_credentials.json
[debug] [2021-01-02T20:28:24.253Z] Setting GAC to /Users/zhangyu/.config/firebase/zhangyu_goh_gmail.com_application_default_credentials.json {"metadata":{"emulator":{"name":"functions"},"message":"Setting GAC to /Users/zhangyu/.config/firebase/zhangyu_goh_gmail.com_application_default_credentials.json"}}
[info] i  functions: Watching "/Users/zhangyu/FS104/hackaton/tasks/functions" for Cloud Functions... {"metadata":{"emulator":{"name":"functions"},"message":"Watching \"/Users/zhangyu/FS104/hackaton/tasks/functions\" for Cloud Functions..."}}
[debug] [2021-01-02T20:28:24.270Z] [worker-pool] addWorker(~diagnostic~) {"metadata":{"emulator":{"name":"functions"},"message":"[worker-pool] addWorker(~diagnostic~)"}}
[debug] [2021-01-02T20:28:24.271Z] [worker-pool] Adding worker with key ~diagnostic~, total=1 {"metadata":{"emulator":{"name":"functions"},"message":"[worker-pool] Adding worker with key ~diagnostic~, total=1"}}
[debug] [2021-01-02T20:28:24.271Z] [worker-pool] submitWork(triggerId=) {"metadata":{"emulator":{"name":"functions"},"message":"[worker-pool] submitWork(triggerId=)"}}
[debug] [2021-01-02T20:28:24.271Z] [worker-~diagnostic~-db97931b-1b79-4b47-8656-a27a228b1264]: Assigning socketPath: /var/folders/0z/9djxdg_j0vz3st4bq32xtflw0000gn/T/fire_emu_4166.sock {"metadata":{"emulator":{"name":"functions"},"message":"[worker-~diagnostic~-db97931b-1b79-4b47-8656-a27a228b1264]: Assigning socketPath: /var/folders/0z/9djxdg_j0vz3st4bq32xtflw0000gn/T/fire_emu_4166.sock"}}
[debug] [2021-01-02T20:28:24.271Z] [worker-~diagnostic~-db97931b-1b79-4b47-8656-a27a228b1264]: BUSY {"metadata":{"emulator":{"name":"functions"},"message":"[worker-~diagnostic~-db97931b-1b79-4b47-8656-a27a228b1264]: BUSY"}}
[debug] [2021-01-02T20:28:24.411Z] [runtime-status] [4166] Functions runtime initialized. {"cwd":"/Users/zhangyu/FS104/hackaton/tasks/functions","node_version":"14.15.0"} {"metadata":{"emulator":{"name":"functions"},"message":"[runtime-status] [4166] Functions runtime initialized. {\"cwd\":\"/Users/zhangyu/FS104/hackaton/tasks/functions\",\"node_version\":\"14.15.0\"}"}}
[debug] [2021-01-02T20:28:24.411Z] [runtime-status] [4166] Disabled runtime features: undefined {"metadata":{"emulator":{"name":"functions"},"message":"[runtime-status] [4166] Disabled runtime features: undefined"}}
[debug] [2021-01-02T20:28:24.413Z] [runtime-status] [4166] Resolved module firebase-admin {"declared":true,"installed":true,"version":"9.4.2","resolution":"/Users/zhangyu/FS104/hackaton/tasks/functions/node_modules/firebase-admin/lib/index.js"} {"metadata":{"emulator":{"name":"functions"},"message":"[runtime-status] [4166] Resolved module firebase-admin {\"declared\":true,\"installed\":true,\"version\":\"9.4.2\",\"resolution\":\"/Users/zhangyu/FS104/hackaton/tasks/functions/node_modules/firebase-admin/lib/index.js\"}"}}
[debug] [2021-01-02T20:28:24.414Z] [runtime-status] [4166] Resolved module firebase-functions {"declared":true,"installed":true,"version":"3.13.0","resolution":"/Users/zhangyu/FS104/hackaton/tasks/functions/node_modules/firebase-functions/lib/index.js"} {"metadata":{"emulator":{"name":"functions"},"message":"[runtime-status] [4166] Resolved module firebase-functions {\"declared\":true,\"installed\":true,\"version\":\"3.13.0\",\"resolution\":\"/Users/zhangyu/FS104/hackaton/tasks/functions/node_modules/firebase-functions/lib/index.js\"}"}}
[debug] [2021-01-02T20:28:24.417Z] [runtime-status] [4166] Resolved module firebase-functions {"declared":true,"installed":true,"version":"3.13.0","resolution":"/Users/zhangyu/FS104/hackaton/tasks/functions/node_modules/firebase-functions/lib/index.js"} {"metadata":{"emulator":{"name":"functions"},"message":"[runtime-status] [4166] Resolved module firebase-functions {\"declared\":true,\"installed\":true,\"version\":\"3.13.0\",\"resolution\":\"/Users/zhangyu/FS104/hackaton/tasks/functions/node_modules/firebase-functions/lib/index.js\"}"}}
[debug] [2021-01-02T20:28:24.419Z] [runtime-status] [4166] Outgoing network have been stubbed. [{"name":"http","status":"mocked"},{"name":"http","status":"mocked"},{"name":"https","status":"mocked"},{"name":"https","status":"mocked"},{"name":"net","status":"mocked"}] {"metadata":{"emulator":{"name":"functions"},"message":"[runtime-status] [4166] Outgoing network have been stubbed. [{\"name\":\"http\",\"status\":\"mocked\"},{\"name\":\"http\",\"status\":\"mocked\"},{\"name\":\"https\",\"status\":\"mocked\"},{\"name\":\"https\",\"status\":\"mocked\"},{\"name\":\"net\",\"status\":\"mocked\"}]"}}
[debug] [2021-01-02T20:28:24.419Z] [runtime-status] [4166] Resolved module firebase-functions {"declared":true,"installed":true,"version":"3.13.0","resolution":"/Users/zhangyu/FS104/hackaton/tasks/functions/node_modules/firebase-functions/lib/index.js"} {"metadata":{"emulator":{"name":"functions"},"message":"[runtime-status] [4166] Resolved module firebase-functions {\"declared\":true,\"installed\":true,\"version\":\"3.13.0\",\"resolution\":\"/Users/zhangyu/FS104/hackaton/tasks/functions/node_modules/firebase-functions/lib/index.js\"}"}}
[debug] [2021-01-02T20:28:24.449Z] [runtime-status] [4166] Checked functions.config() {"config":{}} {"metadata":{"emulator":{"name":"functions"},"message":"[runtime-status] [4166] Checked functions.config() {\"config\":{}}"}}
[debug] [2021-01-02T20:28:24.449Z] [runtime-status] [4166] firebase-functions has been stubbed. {"functionsResolution":{"declared":true,"installed":true,"version":"3.13.0","resolution":"/Users/zhangyu/FS104/hackaton/tasks/functions/node_modules/firebase-functions/lib/index.js"}} {"metadata":{"emulator":{"name":"functions"},"message":"[runtime-status] [4166] firebase-functions has been stubbed. {\"functionsResolution\":{\"declared\":true,\"installed\":true,\"version\":\"3.13.0\",\"resolution\":\"/Users/zhangyu/FS104/hackaton/tasks/functions/node_modules/firebase-functions/lib/index.js\"}}"}}
[debug] [2021-01-02T20:28:24.449Z] [runtime-status] [4166] Resolved module firebase-functions {"declared":true,"installed":true,"version":"3.13.0","resolution":"/Users/zhangyu/FS104/hackaton/tasks/functions/node_modules/firebase-functions/lib/index.js"} {"metadata":{"emulator":{"name":"functions"},"message":"[runtime-status] [4166] Resolved module firebase-functions {\"declared\":true,\"installed\":true,\"version\":\"3.13.0\",\"resolution\":\"/Users/zhangyu/FS104/hackaton/tasks/functions/node_modules/firebase-functions/lib/index.js\"}"}}
[debug] [2021-01-02T20:28:24.450Z] [runtime-status] [4166] Resolved module firebase-admin {"declared":true,"installed":true,"version":"9.4.2","resolution":"/Users/zhangyu/FS104/hackaton/tasks/functions/node_modules/firebase-admin/lib/index.js"} {"metadata":{"emulator":{"name":"functions"},"message":"[runtime-status] [4166] Resolved module firebase-admin {\"declared\":true,\"installed\":true,\"version\":\"9.4.2\",\"resolution\":\"/Users/zhangyu/FS104/hackaton/tasks/functions/node_modules/firebase-admin/lib/index.js\"}"}}
[debug] [2021-01-02T20:28:24.450Z] [runtime-status] [4166] Resolved module firebase-functions {"declared":true,"installed":true,"version":"3.13.0","resolution":"/Users/zhangyu/FS104/hackaton/tasks/functions/node_modules/firebase-functions/lib/index.js"} {"metadata":{"emulator":{"name":"functions"},"message":"[runtime-status] [4166] Resolved module firebase-functions {\"declared\":true,\"installed\":true,\"version\":\"3.13.0\",\"resolution\":\"/Users/zhangyu/FS104/hackaton/tasks/functions/node_modules/firebase-functions/lib/index.js\"}"}}
[debug] [2021-01-02T20:28:24.450Z] [runtime-status] [4166] firebase-admin has been stubbed. {"adminResolution":{"declared":true,"installed":true,"version":"9.4.2","resolution":"/Users/zhangyu/FS104/hackaton/tasks/functions/node_modules/firebase-admin/lib/index.js"}} {"metadata":{"emulator":{"name":"functions"},"message":"[runtime-status] [4166] firebase-admin has been stubbed. {\"adminResolution\":{\"declared\":true,\"installed\":true,\"version\":\"9.4.2\",\"resolution\":\"/Users/zhangyu/FS104/hackaton/tasks/functions/node_modules/firebase-admin/lib/index.js\"}}"}}
[debug] [2021-01-02T20:28:24.502Z] [runtime-status] [4166] initializeApp(DEFAULT) {"databaseURL":"https://todoapp-7596e.firebaseio.com","storageBucket":"todoapp-7596e.appspot.com","projectId":"todoapp-7596e"} {"metadata":{"emulator":{"name":"functions"},"message":"[runtime-status] [4166] initializeApp(DEFAULT) {\"databaseURL\":\"https://todoapp-7596e.firebaseio.com\",\"storageBucket\":\"todoapp-7596e.appspot.com\",\"projectId\":\"todoapp-7596e\"}"}}
[warn] ⚠  functions: The Cloud Firestore emulator is not running, so calls to Firestore will affect production. {"metadata":{"emulator":{"name":"functions"},"message":"The Cloud Firestore emulator is not running, so calls to Firestore will affect production."}}
[info] ✔  functions[api]: http function initialized (http://localhost:5000/todoapp-7596e/us-central1/api). {"metadata":{"emulator":{"name":"functions"},"message":"\u001b[1mhttp\u001b[22m function initialized (http://localhost:5000/todoapp-7596e/us-central1/api)."}}
[debug] [2021-01-02T20:28:24.663Z] [worker-~diagnostic~-db97931b-1b79-4b47-8656-a27a228b1264]: IDLE {"metadata":{"emulator":{"name":"functions"},"message":"[worker-~diagnostic~-db97931b-1b79-4b47-8656-a27a228b1264]: IDLE"}}
[debug] [2021-01-02T20:33:09.669Z] [work-queue] {"queueLength":1,"workRunningCount":0}
[debug] [2021-01-02T20:33:09.670Z] [work-queue] {"queueLength":0,"workRunningCount":1}
[debug] [2021-01-02T20:33:09.671Z] Accepted request GET /todoapp-7596e/us-central1/api --> api
[debug] [2021-01-02T20:33:09.677Z] [worker-pool] addWorker(api) {"metadata":{"emulator":{"name":"functions"},"message":"[worker-pool] addWorker(api)"}}
[debug] [2021-01-02T20:33:09.678Z] [worker-pool] Adding worker with key api, total=1 {"metadata":{"emulator":{"name":"functions"},"message":"[worker-pool] Adding worker with key api, total=1"}}
[debug] [2021-01-02T20:33:09.678Z] [worker-pool] submitWork(triggerId=api) {"metadata":{"emulator":{"name":"functions"},"message":"[worker-pool] submitWork(triggerId=api)"}}
[debug] [2021-01-02T20:33:09.679Z] [worker-api-8f9df3b8-93c7-4b28-8b03-7e288fa72c2a]: Assigning socketPath: /var/folders/0z/9djxdg_j0vz3st4bq32xtflw0000gn/T/fire_emu_4195.sock {"metadata":{"emulator":{"name":"functions"},"message":"[worker-api-8f9df3b8-93c7-4b28-8b03-7e288fa72c2a]: Assigning socketPath: /var/folders/0z/9djxdg_j0vz3st4bq32xtflw0000gn/T/fire_emu_4195.sock"}}
[debug] [2021-01-02T20:33:09.679Z] [worker-api-8f9df3b8-93c7-4b28-8b03-7e288fa72c2a]: BUSY {"metadata":{"emulator":{"name":"functions"},"message":"[worker-api-8f9df3b8-93c7-4b28-8b03-7e288fa72c2a]: BUSY"}}
[debug] [2021-01-02T20:33:09.820Z] [runtime-status] [4195] Functions runtime initialized. {"cwd":"/Users/zhangyu/FS104/hackaton/tasks/functions","node_version":"14.15.0"} {"metadata":{"emulator":{"name":"functions"},"function":{"name":"api"},"message":"[runtime-status] [4195] Functions runtime initialized. {\"cwd\":\"/Users/zhangyu/FS104/hackaton/tasks/functions\",\"node_version\":\"14.15.0\"}"}}
[debug] [2021-01-02T20:33:09.821Z] [runtime-status] [4195] Disabled runtime features: undefined {"metadata":{"emulator":{"name":"functions"},"function":{"name":"api"},"message":"[runtime-status] [4195] Disabled runtime features: undefined"}}
[debug] [2021-01-02T20:33:09.823Z] [runtime-status] [4195] Resolved module firebase-admin {"declared":true,"installed":true,"version":"9.4.2","resolution":"/Users/zhangyu/FS104/hackaton/tasks/functions/node_modules/firebase-admin/lib/index.js"} {"metadata":{"emulator":{"name":"functions"},"function":{"name":"api"},"message":"[runtime-status] [4195] Resolved module firebase-admin {\"declared\":true,\"installed\":true,\"version\":\"9.4.2\",\"resolution\":\"/Users/zhangyu/FS104/hackaton/tasks/functions/node_modules/firebase-admin/lib/index.js\"}"}}
[debug] [2021-01-02T20:33:09.824Z] [runtime-status] [4195] Resolved module firebase-functions {"declared":true,"installed":true,"version":"3.13.0","resolution":"/Users/zhangyu/FS104/hackaton/tasks/functions/node_modules/firebase-functions/lib/index.js"} {"metadata":{"emulator":{"name":"functions"},"function":{"name":"api"},"message":"[runtime-status] [4195] Resolved module firebase-functions {\"declared\":true,\"installed\":true,\"version\":\"3.13.0\",\"resolution\":\"/Users/zhangyu/FS104/hackaton/tasks/functions/node_modules/firebase-functions/lib/index.js\"}"}}
[debug] [2021-01-02T20:33:09.827Z] [runtime-status] [4195] Resolved module firebase-functions {"declared":true,"installed":true,"version":"3.13.0","resolution":"/Users/zhangyu/FS104/hackaton/tasks/functions/node_modules/firebase-functions/lib/index.js"} {"metadata":{"emulator":{"name":"functions"},"function":{"name":"api"},"message":"[runtime-status] [4195] Resolved module firebase-functions {\"declared\":true,\"installed\":true,\"version\":\"3.13.0\",\"resolution\":\"/Users/zhangyu/FS104/hackaton/tasks/functions/node_modules/firebase-functions/lib/index.js\"}"}}
[debug] [2021-01-02T20:33:09.828Z] [runtime-status] [4195] Outgoing network have been stubbed. [{"name":"http","status":"mocked"},{"name":"http","status":"mocked"},{"name":"https","status":"mocked"},{"name":"https","status":"mocked"},{"name":"net","status":"mocked"}] {"metadata":{"emulator":{"name":"functions"},"function":{"name":"api"},"message":"[runtime-status] [4195] Outgoing network have been stubbed. [{\"name\":\"http\",\"status\":\"mocked\"},{\"name\":\"http\",\"status\":\"mocked\"},{\"name\":\"https\",\"status\":\"mocked\"},{\"name\":\"https\",\"status\":\"mocked\"},{\"name\":\"net\",\"status\":\"mocked\"}]"}}
[debug] [2021-01-02T20:33:09.829Z] [runtime-status] [4195] Resolved module firebase-functions {"declared":true,"installed":true,"version":"3.13.0","resolution":"/Users/zhangyu/FS104/hackaton/tasks/functions/node_modules/firebase-functions/lib/index.js"} {"metadata":{"emulator":{"name":"functions"},"function":{"name":"api"},"message":"[runtime-status] [4195] Resolved module firebase-functions {\"declared\":true,\"installed\":true,\"version\":\"3.13.0\",\"resolution\":\"/Users/zhangyu/FS104/hackaton/tasks/functions/node_modules/firebase-functions/lib/index.js\"}"}}
[debug] [2021-01-02T20:33:09.859Z] [runtime-status] [4195] Checked functions.config() {"config":{}} {"metadata":{"emulator":{"name":"functions"},"function":{"name":"api"},"message":"[runtime-status] [4195] Checked functions.config() {\"config\":{}}"}}
[debug] [2021-01-02T20:33:09.859Z] [runtime-status] [4195] firebase-functions has been stubbed. {"functionsResolution":{"declared":true,"installed":true,"version":"3.13.0","resolution":"/Users/zhangyu/FS104/hackaton/tasks/functions/node_modules/firebase-functions/lib/index.js"}} {"metadata":{"emulator":{"name":"functions"},"function":{"name":"api"},"message":"[runtime-status] [4195] firebase-functions has been stubbed. {\"functionsResolution\":{\"declared\":true,\"installed\":true,\"version\":\"3.13.0\",\"resolution\":\"/Users/zhangyu/FS104/hackaton/tasks/functions/node_modules/firebase-functions/lib/index.js\"}}"}}
[debug] [2021-01-02T20:33:09.859Z] [runtime-status] [4195] Resolved module firebase-functions {"declared":true,"installed":true,"version":"3.13.0","resolution":"/Users/zhangyu/FS104/hackaton/tasks/functions/node_modules/firebase-functions/lib/index.js"} {"metadata":{"emulator":{"name":"functions"},"function":{"name":"api"},"message":"[runtime-status] [4195] Resolved module firebase-functions {\"declared\":true,\"installed\":true,\"version\":\"3.13.0\",\"resolution\":\"/Users/zhangyu/FS104/hackaton/tasks/functions/node_modules/firebase-functions/lib/index.js\"}"}}
[debug] [2021-01-02T20:33:09.860Z] [runtime-status] [4195] Resolved module firebase-admin {"declared":true,"installed":true,"version":"9.4.2","resolution":"/Users/zhangyu/FS104/hackaton/tasks/functions/node_modules/firebase-admin/lib/index.js"} {"metadata":{"emulator":{"name":"functions"},"function":{"name":"api"},"message":"[runtime-status] [4195] Resolved module firebase-admin {\"declared\":true,\"installed\":true,\"version\":\"9.4.2\",\"resolution\":\"/Users/zhangyu/FS104/hackaton/tasks/functions/node_modules/firebase-admin/lib/index.js\"}"}}
[debug] [2021-01-02T20:33:09.861Z] [runtime-status] [4195] Resolved module firebase-functions {"declared":true,"installed":true,"version":"3.13.0","resolution":"/Users/zhangyu/FS104/hackaton/tasks/functions/node_modules/firebase-functions/lib/index.js"} {"metadata":{"emulator":{"name":"functions"},"function":{"name":"api"},"message":"[runtime-status] [4195] Resolved module firebase-functions {\"declared\":true,\"installed\":true,\"version\":\"3.13.0\",\"resolution\":\"/Users/zhangyu/FS104/hackaton/tasks/functions/node_modules/firebase-functions/lib/index.js\"}"}}
[debug] [2021-01-02T20:33:09.861Z] [runtime-status] [4195] firebase-admin has been stubbed. {"adminResolution":{"declared":true,"installed":true,"version":"9.4.2","resolution":"/Users/zhangyu/FS104/hackaton/tasks/functions/node_modules/firebase-admin/lib/index.js"}} {"metadata":{"emulator":{"name":"functions"},"function":{"name":"api"},"message":"[runtime-status] [4195] firebase-admin has been stubbed. {\"adminResolution\":{\"declared\":true,\"installed\":true,\"version\":\"9.4.2\",\"resolution\":\"/Users/zhangyu/FS104/hackaton/tasks/functions/node_modules/firebase-admin/lib/index.js\"}}"}}
[debug] [2021-01-02T20:33:09.916Z] [runtime-status] [4195] initializeApp(DEFAULT) {"databaseURL":"https://todoapp-7596e.firebaseio.com","storageBucket":"todoapp-7596e.appspot.com","projectId":"todoapp-7596e"} {"metadata":{"emulator":{"name":"functions"},"function":{"name":"api"},"message":"[runtime-status] [4195] initializeApp(DEFAULT) {\"databaseURL\":\"https://todoapp-7596e.firebaseio.com\",\"storageBucket\":\"todoapp-7596e.appspot.com\",\"projectId\":\"todoapp-7596e\"}"}}
[debug] [2021-01-02T20:33:10.062Z] [runtime-status] [4195] Trigger "api" has been found, beginning invocation! {"metadata":{"emulator":{"name":"functions"},"function":{"name":"api"},"message":"[runtime-status] [4195] Trigger \"api\" has been found, beginning invocation!"}}
[info] i  functions: Beginning execution of "api" {"metadata":{"emulator":{"name":"functions"},"function":{"name":"api"},"message":"Beginning execution of \"api\""}}
[debug] [2021-01-02T20:33:10.062Z] [runtime-status] [4195] triggerDefinition {"httpsTrigger":{},"name":"api","entryPoint":"api"} {"metadata":{"emulator":{"name":"functions"},"function":{"name":"api"},"message":"[runtime-status] [4195] triggerDefinition {\"httpsTrigger\":{},\"name\":\"api\",\"entryPoint\":\"api\"}"}}
[debug] [2021-01-02T20:33:10.062Z] [runtime-status] [4195] Running api in mode HTTPS {"metadata":{"emulator":{"name":"functions"},"function":{"name":"api"},"message":"[runtime-status] [4195] Running api in mode HTTPS"}}
[debug] [2021-01-02T20:33:10.065Z] [runtime-status] [4195] Attempting to listen to socketPath: /var/folders/0z/9djxdg_j0vz3st4bq32xtflw0000gn/T/fire_emu_4195.sock {"metadata":{"emulator":{"name":"functions"},"function":{"name":"api"},"message":"[runtime-status] [4195] Attempting to listen to socketPath: /var/folders/0z/9djxdg_j0vz3st4bq32xtflw0000gn/T/fire_emu_4195.sock"}}
[debug] [2021-01-02T20:33:10.069Z] [functions] Runtime ready! Sending request! {"metadata":{"emulator":{"name":"functions"},"message":"[functions] Runtime ready! Sending request!"}}
[debug] [2021-01-02T20:33:10.076Z] [runtime-status] [4195] Ephemeral server handling GET request {"metadata":{"emulator":{"name":"functions"},"function":{"name":"api"},"message":"[runtime-status] [4195] Ephemeral server handling GET request"}}
[debug] [2021-01-02T20:33:10.083Z] [runtime-status] [4195] Ephemeral server survived. {"metadata":{"emulator":{"name":"functions"},"function":{"name":"api"},"message":"[runtime-status] [4195] Ephemeral server survived."}}
[info] i  functions: Finished "api" in ~1s {"metadata":{"emulator":{"name":"functions"},"function":{"name":"api"},"message":"Finished \"api\" in ~1s"}}
[debug] [2021-01-02T20:33:10.084Z] [worker-api-8f9df3b8-93c7-4b28-8b03-7e288fa72c2a]: IDLE {"metadata":{"emulator":{"name":"functions"},"message":"[worker-api-8f9df3b8-93c7-4b28-8b03-7e288fa72c2a]: IDLE"}}
[debug] [2021-01-02T20:33:10.084Z] [work-queue] {"queueLength":0,"workRunningCount":0}
